ActiveTestSuite.java:0
package-info.java:0
RepeatedTest.java:0
TestDecorator.java:0
TestSetup.java:0
Assert.java:3
AssertionFailedError.java:1
ComparisonCompactor.java:0
ComparisonFailure.java:0
JUnit4TestAdapter.java:0
JUnit4TestAdapterCache.java:0
JUnit4TestCaseFacade.java:0
package-info.java:0
Protectable.java:0
Test.java:0
TestCase.java:0
TestFailure.java:0
TestListener.java:0
TestResult.java:0
TestSuite.java:4
BaseTestRunner.java:3
package-info.java:0
TestRunListener.java:0
Version.java:3
package-info.java:0
ResultPrinter.java:0
TestRunner.java:2
After.java:2
AfterClass.java:4
Assert.java:16
Assume.java:4
AssumptionViolatedException.java:0
Before.java:2
BeforeClass.java:3
ClassRule.java:10
ComparisonFailure.java:1
FixMethodOrder.java:2
Ignore.java:3
package-info.java:0
Rule.java:8
Test.java:5
ParallelComputer.java:1
Categories.java:6
Category.java:3
CategoryFilterFactory.java:4
CategoryValidator.java:2
ExcludeCategories.java:1
IncludeCategories.java:1
CouldNotReadCoreException.java:0
MaxCore.java:2
MaxHistory.java:3
FailureList.java:0
PrintableResult.java:2
ResultMatchers.java:1
Enclosed.java:1
DataPoint.java:1
DataPoints.java:2
FromDataPoints.java:2
ParameterSignature.java:1
ParametersSuppliedBy.java:1
ParameterSupplier.java:1
PotentialAssignment.java:0
Theories.java:6
Theory.java:0
AllMembersSupplier.java:4
Assignments.java:3
BooleanSupplier.java:0
EnumSupplier.java:0
ParameterizedAssertionError.java:1
SpecificDataPointsSupplier.java:0
TestedOn.java:0
TestedOnSupplier.java:1
ArrayComparisonFailure.java:0
AssumptionViolatedException.java:2
Classes.java:1
ComparisonCriteria.java:1
ExactComparisonCriteria.java:0
InexactComparisonCriteria.java:3
JUnitSystem.java:0
MethodSorter.java:1
RealSystem.java:0
TextListener.java:1
Throwables.java:1
AllDefaultPossibilitiesBuilder.java:0
AnnotatedBuilder.java:0
IgnoredBuilder.java:0
IgnoredClassRunner.java:0
JUnit3Builder.java:0
JUnit4Builder.java:0
NullBuilder.java:0
SuiteMethodBuilder.java:0
StacktracePrintingMatcher.java:0
ThrowableCauseMatcher.java:0
ThrowableMessageMatcher.java:0
TypeSafeMatcher.java:1
ClassRequest.java:1
FilterRequest.java:2
package-info.java:0
SortingRequest.java:0
ClassRoadie.java:0
ErrorReportingRunner.java:2
FailedBefore.java:0
InitializationError.java:1
JUnit38ClassRunner.java:3
JUnit4ClassRunner.java:0
MethodRoadie.java:0
MethodValidator.java:0
package-info.java:0
SuiteMethod.java:0
TestClass.java:1
TestMethod.java:0
EachTestNotifier.java:0
MultipleFailureException.java:0
ReflectiveCallable.java:0
RuleMemberValidator.java:1
ValidationError.java:0
ExpectException.java:1
Fail.java:0
FailOnTimeout.java:6
InvokeMethod.java:0
RunAfters.java:1
RunBefores.java:0
JUnitMatchers.java:4
package-info.java:1
DisableOnDebug.java:1
ErrorCollector.java:2
ExpectedException.java:9
ExpectedExceptionMatcherBuilder.java:0
ExternalResource.java:3
MethodRule.java:3
RuleChain.java:6
RunRules.java:1
Stopwatch.java:5
TemporaryFolder.java:6
TestName.java:2
TestRule.java:5
TestWatcher.java:7
TestWatchman.java:3
Timeout.java:8
Verifier.java:6
Computer.java:1
Describable.java:1
Description.java:7
FilterFactories.java:1
FilterFactory.java:1
FilterFactoryParams.java:0
JUnitCommandLineParseResult.java:1
JUnitCore.java:4
package-info.java:0
Request.java:4
Result.java:3
Runner.java:2
RunWith.java:2
Filter.java:2
Filterable.java:1
NoTestsRemainException.java:1
package-info.java:0
Sortable.java:1
Sorter.java:3
Failure.java:1
package-info.java:0
RunListener.java:3
RunNotifier.java:2
StoppedByUserException.java:1
SynchronizedRunListener.java:1
AllTests.java:1
BlockJUnit4ClassRunner.java:18
JUnit4.java:1
MethodSorters.java:1
package-info.java:0
Parameterized.java:15
ParentRunner.java:13
Suite.java:2
Annotatable.java:0
FrameworkField.java:2
FrameworkMember.java:2
FrameworkMethod.java:5
InitializationError.java:1
MultipleFailureException.java:2
NoGenericTypeParametersValidator.java:0
RunnerBuilder.java:1
RunnerScheduler.java:1
Statement.java:2
TestClass.java:5
TestTimedOutException.java:0
BlockJUnit4ClassRunnerWithParameters.java:1
BlockJUnit4ClassRunnerWithParametersFactory.java:0
ParametersRunnerFactory.java:0
TestWithParameters.java:0
AnnotationsValidator.java:0
AnnotationValidator.java:1
AnnotationValidatorFactory.java:2
PublicClassValidator.java:0
TestClassValidator.java:0
ValidateWith.java:1
AllTests.java:0
ListTest.java:0
package-info.java:0
SimpleTest.java:1
IMoney.java:0
Money.java:0
MoneyBag.java:0
MoneyTest.java:0
package-info.java:0
AllTests.java:0
package-info.java:0
WasRun.java:0
ActiveTestTest.java:0
AllTests.java:0
ExtensionTest.java:0
package-info.java:0
RepeatedTestTest.java:0
AllTests.java:1
AssertionFailedErrorTest.java:1
AssertTest.java:2
ComparisonCompactorTest.java:1
ComparisonFailureTest.java:1
DoublePrecisionAssertTest.java:0
Failure.java:0
FloatAssertTest.java:0
InheritedTestCase.java:0
NoArgTestCaseTest.java:0
NoTestCaseClass.java:0
NoTestCases.java:0
NotPublicTestCase.java:0
NotVoidTestCase.java:0
OneTestCase.java:0
OverrideTestCase.java:0
package-info.java:0
Success.java:0
SuiteTest.java:0
TestCaseTest.java:0
TestImplementorTest.java:0
TestListenerTest.java:1
ThreeTestCases.java:0
AllTests.java:0
BaseTestRunnerTest.java:1
package-info.java:0
ResultTest.java:0
StackFilterTest.java:0
TextFeedbackTest.java:0
TextRunnerSingleMethodTest.java:0
TextRunnerTest.java:0
AssumptionViolatedExceptionTest.java:1
CategoryFilterFactoryTest.java:2
MethodSorterTest.java:5
AnnotatedBuilderTest.java:0
StacktracePrintingMatcherTest.java:1
ThrowableCauseMatcherTest.java:0
DisableOnDebugTest.java:1
StopwatchTest.java:1
FilterFactoriesTest.java:0
FilterOptionIntegrationTest.java:0
JUnitCommandLineParseResultTest.java:0
JUnitCoreTest.java:0
RunnerSpy.java:0
ConcurrentRunNotifierTest.java:1
RunNotifierTest.java:1
SynchronizedRunListenerTest.java:2
CustomBlockJUnit4ClassRunnerTest.java:0
FrameworkFieldTest.java:0
FrameworkMethodTest.java:0
RunnerBuilderStub.java:0
TestClassTest.java:0
BlockJUnit4ClassRunnerWithParametersTest.java:1
ParameterizedNamesTest.java:1
TestWithParametersTest.java:0
ListTest.java:0
package-info.java:0
SimpleTest.java:1
MoneyTest.java:0
package-info.java:0
AllTests.java:17
ObjectContractTest.java:0
package-info.java:0
TestSystem.java:0
AssertionTest.java:9
ComparisonFailureTest.java:0
MultipleFailureExceptionTest.java:0
JUnit4ClassRunnerTest.java:0
AnnotatedDescriptionTest.java:0
SuiteDescriptionTest.java:1
TestDescriptionMethodNameTest.java:1
TestDescriptionTest.java:1
AssumptionTest.java:2
ExperimentalTests.java:0
MatcherTest.java:1
CategoriesAndParameterizedTest.java:2
CategoryTest.java:1
CategoryValidatorTest.java:1
JavadocTest.java:0
MultiCategoryTest.java:0
DescriptionTest.java:0
JUnit38SortingTest.java:0
MaxStarterTest.java:2
ParallelClassTest.java:0
ParallelMethodTest.java:1
PrintableResultTest.java:1
ResultMatchersTest.java:0
BlockJUnit4ClassRunnerOverrideTest.java:2
ClassRulesTest.java:2
EventCollector.java:1
ExpectedExceptionTest.java:4
ExternalResourceRuleTest.java:0
LoggingTestWatcher.java:1
MethodRulesTest.java:3
NameRulesTest.java:0
RuleChainTest.java:1
RuleMemberValidatorTest.java:1
TempFolderRuleTest.java:3
TemporaryFolderRuleAssuredDeletionTest.java:0
TemporaryFolderUsageTest.java:2
TestRuleTest.java:4
TestWatcherTest.java:3
TestWatchmanTest.java:2
TimeoutRuleTest.java:3
VerifierRuleTest.java:2
AssumingInTheoriesTest.java:1
ParameterSignatureTest.java:1
PotentialAssignmentTest.java:0
TestedOnSupplierTest.java:2
TheoryTestUtils.java:1
Correspondent.java:0
Guesser.java:1
GuesserQueue.java:0
MethodCall.java:0
ReguessableValue.java:0
StringableObject.java:0
Stub.java:0
StubbedTheories.java:4
StubbedTheoriesTest.java:0
AllMembersSupplierTest.java:1
ParameterizedAssertionErrorTest.java:1
SpecificDataPointsSupplierTest.java:1
FailingDataPointMethods.java:0
SuccessfulWithDataPointFields.java:1
TheoriesPerformanceTest.java:0
TypeMatchingBetweenMultiDataPointsMethod.java:1
UnsuccessfulWithDataPointFields.java:5
WhenNoParametersMatch.java:2
WithAutoGeneratedDataPoints.java:0
WithDataPointMethod.java:2
WithExtendedParameterSources.java:1
WithNamedDataPoints.java:1
WithOnlyTestAnnotations.java:1
WithParameterSupplier.java:1
WithUnresolvedGenericTypeVariablesOnTheoryParms.java:0
ErrorReportingRunnerTest.java:2
FailOnTimeoutTest.java:4
AllTestsTest.java:0
ClassRequestTest.java:0
ForwardCompatibilityPrintingTest.java:0
ForwardCompatibilityTest.java:1
InitializationErrorForwardCompatibilityTest.java:0
JUnit38ClassRunnerTest.java:3
OldTestClassAdaptingListenerTest.java:0
OldTests.java:0
SuiteMethodTest.java:0
ListenerTest.java:0
RunnerTest.java:0
TestListenerTest.java:0
TextListenerTest.java:0
UserStopTest.java:0
FilterableTest.java:1
FilterTest.java:1
SingleMethodTest.java:0
SortableTest.java:0
BlockJUnit4ClassRunnerTest.java:1
ClassLevelMethodsWithIgnoredTestsTest.java:0
EnclosedTest.java:1
IgnoreClassTest.java:0
ParameterizedTestTest.java:3
ParentRunnerFilteringTest.java:2
ParentRunnerTest.java:5
RunWithTest.java:0
SuiteTest.java:0
UseSuiteAsASuperclassTest.java:0
CommandLineTest.java:0
JUnitCoreReturnsCorrectExitCodeTest.java:0
MainRunner.java:0
SystemExitTest.java:0
AnnotationTest.java:2
ExpectedTest.java:0
InheritedTestTest.java:0
ParameterizedTestMethodTest.java:0
TestMethodTest.java:0
TimeoutTest.java:2
BadlyFormedClassesTest.java:0
FailedConstructionTest.java:0
ValidationTest.java:1
Sub.java:0
Super.java:0
AnnotationsValidatorTest.java:0
AnnotationValidatorFactoryTest.java:1
PublicClassValidatorTest.java:0
